{"uuid":"b328bdaf-2196-4b48-91cc-77247cf587fa","historyId":"16f070de5e0c297bc0dcafd2b19947c7","fullName":"com.example.amazon_ind.tests.AddToCartTest.testAddProductToCart","labels":[{"name":"package","value":"com.example.amazon_ind.tests.AddToCartTest"},{"name":"testClass","value":"com.example.amazon_ind.tests.AddToCartTest"},{"name":"testMethod","value":"testAddProductToCart"},{"name":"parentSuite","value":"Default Suite"},{"name":"suite","value":"Amazon_IND"},{"name":"subSuite","value":"com.example.amazon_ind.tests.AddToCartTest"},{"name":"host","value":"TEJAS"},{"name":"thread","value":"6916@TEJAS.main(1)"},{"name":"framework","value":"testng"},{"name":"language","value":"java"}],"links":[],"name":"testAddProductToCart","status":"skipped","statusDetails":{"known":false,"muted":false,"flaky":false,"message":"Unable to obtain: chromedriver, error chromedriver must exist: C:\\Users\\LENOVO\\AquaProjects\\Amazon_IND\\path\\to\\chromedriver\nFor documentation on this error, please visit: https://www.selenium.dev/documentation/webdriver/troubleshooting/errors/driver_location/\nBuild info: version: '4.21.0', revision: '79ed462ef4'\nSystem info: os.name: 'Windows 10', os.arch: 'amd64', os.version: '10.0', java.version: '22.0.1'\nDriver info: driver.version: ChromeDriver","trace":"org.openqa.selenium.remote.NoSuchDriverException: Unable to obtain: chromedriver, error chromedriver must exist: C:\\Users\\LENOVO\\AquaProjects\\Amazon_IND\\path\\to\\chromedriver\nFor documentation on this error, please visit: https://www.selenium.dev/documentation/webdriver/troubleshooting/errors/driver_location/\nBuild info: version: '4.21.0', revision: '79ed462ef4'\nSystem info: os.name: 'Windows 10', os.arch: 'amd64', os.version: '10.0', java.version: '22.0.1'\nDriver info: driver.version: ChromeDriver\r\n\tat org.openqa.selenium.remote.service.DriverFinder.getBinaryPaths(DriverFinder.java:121)\r\n\tat org.openqa.selenium.remote.service.DriverFinder.getDriverPath(DriverFinder.java:55)\r\n\tat org.openqa.selenium.chrome.ChromeDriver.generateExecutor(ChromeDriver.java:99)\r\n\tat org.openqa.selenium.chrome.ChromeDriver.<init>(ChromeDriver.java:88)\r\n\tat org.openqa.selenium.chrome.ChromeDriver.<init>(ChromeDriver.java:83)\r\n\tat org.openqa.selenium.chrome.ChromeDriver.<init>(ChromeDriver.java:51)\r\n\tat com.example.amazon_ind.tests.AddToCartTest.setup(AddToCartTest.java:28)\r\n\tat java.base/jdk.internal.reflect.DirectMethodHandleAccessor.invoke(DirectMethodHandleAccessor.java:103)\r\n\tat java.base/java.lang.reflect.Method.invoke(Method.java:580)\r\n\tat org.testng.internal.invokers.MethodInvocationHelper.invokeMethod(MethodInvocationHelper.java:141)\r\n\tat org.testng.internal.invokers.MethodInvocationHelper.invokeMethodConsideringTimeout(MethodInvocationHelper.java:71)\r\n\tat org.testng.internal.invokers.ConfigInvoker.invokeConfigurationMethod(ConfigInvoker.java:400)\r\n\tat org.testng.internal.invokers.ConfigInvoker.invokeConfigurations(ConfigInvoker.java:333)\r\n\tat org.testng.internal.invokers.TestMethodWorker.invokeBeforeClassMethods(TestMethodWorker.java:188)\r\n\tat org.testng.internal.invokers.TestMethodWorker.run(TestMethodWorker.java:128)\r\n\tat java.base/java.util.ArrayList.forEach(ArrayList.java:1597)\r\n\tat org.testng.TestRunner.privateRun(TestRunner.java:739)\r\n\tat org.testng.TestRunner.run(TestRunner.java:614)\r\n\tat org.testng.SuiteRunner.runTest(SuiteRunner.java:421)\r\n\tat org.testng.SuiteRunner.runSequentially(SuiteRunner.java:413)\r\n\tat org.testng.SuiteRunner.privateRun(SuiteRunner.java:373)\r\n\tat org.testng.SuiteRunner.run(SuiteRunner.java:312)\r\n\tat org.testng.SuiteRunnerWorker.runSuite(SuiteRunnerWorker.java:52)\r\n\tat org.testng.SuiteRunnerWorker.run(SuiteRunnerWorker.java:95)\r\n\tat org.testng.TestNG.runSuitesSequentially(TestNG.java:1274)\r\n\tat org.testng.TestNG.runSuitesLocally(TestNG.java:1208)\r\n\tat org.testng.TestNG.runSuites(TestNG.java:1112)\r\n\tat org.testng.TestNG.run(TestNG.java:1079)\r\n\tat com.intellij.rt.testng.IDEARemoteTestNG.run(IDEARemoteTestNG.java:65)\r\n\tat com.intellij.rt.testng.RemoteTestNGStarter.main(RemoteTestNGStarter.java:105)\r\nCaused by: java.lang.IllegalStateException: chromedriver must exist: C:\\Users\\LENOVO\\AquaProjects\\Amazon_IND\\path\\to\\chromedriver\r\n\tat org.openqa.selenium.internal.Require$FileStateChecker.isFile(Require.java:346)\r\n\tat org.openqa.selenium.internal.Require$FileStateChecker.isExecutable(Require.java:368)\r\n\tat org.openqa.selenium.remote.service.DriverFinder.getBinaryPaths(DriverFinder.java:118)\r\n\t... 29 more\r\n"},"stage":"finished","steps":[],"attachments":[],"parameters":[],"start":1752163391769,"stop":1752163391774}